TpTrace Verbose: 0 : 9364, 1, 2024/01/16, 19:25:02.420, 4614084043680, datacollector.dll, Version: 17.8.0-release-23523-03
TpTrace Information: 0 : 9364, 1, 2024/01/16, 19:25:02.426, 4614084095232, datacollector.dll, DataCollectorMain.Run: Starting data collector run with args: --port,59970,--parentprocessid,22060,--diag,C:\Users\Aida\source\repos\SeleniumKesten\SeleniumKesten\bin\Debug\net6.0\fine-code-coverage\coverage-tool-output\diagnostics.datacollector.24-01-16_19-25-02_28144_5.log,--tracelevel,4
TpTrace Information: 0 : 9364, 1, 2024/01/16, 19:25:02.426, 4614084096372, datacollector.dll, DataCollector: Monitoring parent process with id: '22060'
TpTrace Information: 0 : 9364, 1, 2024/01/16, 19:25:02.433, 4614084169018, datacollector.dll, Trying to connect to server on socket : 127.0.0.1:59970 
TpTrace Verbose: 0 : 9364, 1, 2024/01/16, 19:25:02.444, 4614084280137, datacollector.dll, SocketCommunicationManager : SetupClientAsync : Attempting to connect to the server.
TpTrace Information: 0 : 9364, 6, 2024/01/16, 19:25:02.452, 4614084357114, datacollector.dll, Connected to the server successfully 
TpTrace Information: 0 : 9364, 6, 2024/01/16, 19:25:02.452, 4614084358047, datacollector.dll, Using the buffer size of 16384 bytes
TpTrace Information: 0 : 9364, 1, 2024/01/16, 19:25:02.502, 4614084862698, datacollector.dll, DataCollector: Start Request Processing.
TpTrace Verbose: 0 : 9364, 1, 2024/01/16, 19:25:02.503, 4614084865608, datacollector.dll, SocketCommunicationManager.WaitForServerConnection took: 0 ms, with 90000 ms timeout, and finished with True.
TpTrace Information: 0 : 9364, 1, 2024/01/16, 19:25:02.503, 4614084868224, datacollector.dll, DataCollectionRequestHandler.ProcessRequests: Datacollector received message: (DataCollection.BeforeTestRunStart) -> {"MessageType":"DataCollection.BeforeTestRunStart","Payload":{"SettingsXml":"<RunSettings><RunConfiguration><ResultsDirectory>C:\\Users\\Aida\\source\\repos\\SeleniumKesten\\SeleniumKesten\\bin\\Debug\\net6.0\\fine-code-coverage\\coverage-tool-output</ResultsDirectory><TargetPlatform>X64</TargetPlatform><TargetFrameworkVersion>.NETCoreApp,Version=v6.0</TargetFrameworkVersion><DesignMode>False</DesignMode><CollectSourceInformation>False</CollectSourceInformation><TestAdaptersPaths>C:\\Program Files\\dotnet\\sdk\\8.0.100\\Extensions</TestAdaptersPaths></RunConfiguration><LoggerRunSettings><Loggers><Logger friendlyName=\"blame\" enabled=\"True\" /><Logger friendlyName=\"Console\" uri=\"logger://microsoft/TestPlatform/ConsoleLogger/v1\" assemblyQualifiedName=\"Microsoft.VisualStudio.TestPlatform.CommandLine.Internal.ConsoleLogger, vstest.console, Version=15.0.0.0, Culture=neutral, PublicKeyToken=b03f5f7f11d50a3a\" codeBase=\"C:\\Program Files\\dotnet\\sdk\\8.0.100\\vstest.console.dll\" enabled=\"True\" /></Loggers></LoggerRunSettings><DataCollectionRunSettings><DataCollectors><DataCollector friendlyName=\"blame\" enabled=\"True\"><Configuration><ResultsDirectory>C:\\Users\\Aida\\source\\repos\\SeleniumKesten\\SeleniumKesten\\bin\\Debug\\net6.0\\fine-code-coverage\\coverage-tool-output</ResultsDirectory></Configuration></DataCollector></DataCollectors></DataCollectionRunSettings></RunSettings>","Sources":["C:\\Users\\Aida\\source\\repos\\SeleniumKesten\\SeleniumKesten\\bin\\Debug\\net6.0\\fine-code-coverage\\build-output\\SeleniumKesten.dll"],"IsTelemetryOptedIn":false}}
TpTrace Verbose: 0 : 9364, 1, 2024/01/16, 19:25:02.543, 4614085267489, datacollector.dll, TestPluginCache: Update extensions started. Skip filter = False
TpTrace Verbose: 0 : 9364, 1, 2024/01/16, 19:25:02.544, 4614085274883, datacollector.dll, TestPluginCache: Using directories for assembly resolution 'C:\Program Files\dotnet\sdk\8.0.100\Extensions'.
TpTrace Verbose: 0 : 9364, 1, 2024/01/16, 19:25:02.544, 4614085275564, datacollector.dll, TestPluginCache: Updated the available extensions to 'C:\Program Files\dotnet\sdk\8.0.100\Extensions\Microsoft.TestPlatform.Extensions.BlameDataCollector.dll,C:\Program Files\dotnet\sdk\8.0.100\Extensions\Microsoft.TestPlatform.Extensions.EventLogCollector.dll'.
TpTrace Verbose: 0 : 9364, 1, 2024/01/16, 19:25:02.549, 4614085329612, datacollector.dll, TestPluginCache.DiscoverTestExtensions: finding test extensions in assemblies ends with: Collector.dll TPluginInfo: Microsoft.VisualStudio.TestPlatform.Common.DataCollector.DataCollectorConfig TExtension: Microsoft.VisualStudio.TestPlatform.ObjectModel.DataCollection.DataCollector
TpTrace Verbose: 0 : 9364, 1, 2024/01/16, 19:25:02.550, 4614085341847, datacollector.dll, TestPluginCache.GetExtensionPaths: Filtered extension paths: C:\Program Files\dotnet\sdk\8.0.100\Extensions\Microsoft.TestPlatform.Extensions.BlameDataCollector.dll
C:\Program Files\dotnet\sdk\8.0.100\Extensions\Microsoft.TestPlatform.Extensions.EventLogCollector.dll
TpTrace Verbose: 0 : 9364, 1, 2024/01/16, 19:25:02.550, 4614085342485, datacollector.dll, TestPluginCache.GetExtensionPaths: Added default extension paths: 
TpTrace Verbose: 0 : 9364, 1, 2024/01/16, 19:25:02.550, 4614085342770, datacollector.dll, TestPluginCache.GetExtensionPaths: Added unfilterableExtensionPaths: 
TpTrace Information: 0 : 9364, 1, 2024/01/16, 19:25:02.551, 4614085347585, datacollector.dll, AssemblyResolver.ctor: Creating AssemblyResolver with searchDirectories C:\Program Files\dotnet\sdk\8.0.100\Extensions,C:\Program Files\dotnet\sdk\8.0.100
TpTrace Verbose: 0 : 9364, 1, 2024/01/16, 19:25:02.552, 4614085356218, datacollector.dll, TestPluginCache.DiscoverTestExtensions: Discovering the extensions using extension path.
TpTrace Verbose: 0 : 9364, 1, 2024/01/16, 19:25:02.552, 4614085357715, datacollector.dll, TestPluginCache.GetExtensionPaths: Filtered extension paths: C:\Program Files\dotnet\sdk\8.0.100\Extensions\Microsoft.TestPlatform.Extensions.BlameDataCollector.dll
C:\Program Files\dotnet\sdk\8.0.100\Extensions\Microsoft.TestPlatform.Extensions.EventLogCollector.dll
TpTrace Verbose: 0 : 9364, 1, 2024/01/16, 19:25:02.552, 4614085358136, datacollector.dll, TestPluginCache.GetExtensionPaths: Added default extension paths: 
TpTrace Verbose: 0 : 9364, 1, 2024/01/16, 19:25:02.552, 4614085358407, datacollector.dll, TestPluginCache.GetExtensionPaths: Added unfilterableExtensionPaths: 
TpTrace Verbose: 0 : 9364, 1, 2024/01/16, 19:25:02.552, 4614085358857, datacollector.dll, TestPluginCache.DiscoverTestExtensions: Discovering the extensions using allExtensionPaths: C:\Program Files\dotnet\sdk\8.0.100\Extensions\Microsoft.TestPlatform.Extensions.BlameDataCollector.dll
C:\Program Files\dotnet\sdk\8.0.100\Extensions\Microsoft.TestPlatform.Extensions.EventLogCollector.dll
TpTrace Information: 0 : 9364, 1, 2024/01/16, 19:25:02.552, 4614085359903, datacollector.dll, AssemblyResolver.AddSearchDirectories: Adding more searchDirectories C:\Program Files\dotnet\sdk\8.0.100\Extensions,C:\Program Files\dotnet\sdk\8.0.100
TpTrace Information: 0 : 9364, 1, 2024/01/16, 19:25:02.552, 4614085360432, datacollector.dll, AssemblyResolver.AddSearchDirectories: Adding more searchDirectories C:\Program Files\dotnet\sdk\8.0.100\Extensions,C:\Program Files\dotnet\sdk\8.0.100
TpTrace Information: 0 : 9364, 1, 2024/01/16, 19:25:02.553, 4614085364424, datacollector.dll, AssemblyResolver.OnResolve: Microsoft.TestPlatform.Extensions.BlameDataCollector: Resolving assembly.
TpTrace Information: 0 : 9364, 1, 2024/01/16, 19:25:02.553, 4614085365435, datacollector.dll, AssemblyResolver.OnResolve: Microsoft.TestPlatform.Extensions.BlameDataCollector: Searching in: 'C:\Program Files\dotnet\sdk\8.0.100\Extensions'.
TpTrace Information: 0 : 9364, 1, 2024/01/16, 19:25:02.559, 4614085432278, datacollector.dll, AssemblyResolver.OnResolve: Microsoft.TestPlatform.Extensions.BlameDataCollector: Loading assembly 'C:\Program Files\dotnet\sdk\8.0.100\Extensions\Microsoft.TestPlatform.Extensions.BlameDataCollector.dll'.
TpTrace Information: 0 : 9364, 1, 2024/01/16, 19:25:02.560, 4614085436890, datacollector.dll, AssemblyResolver.OnResolve: Resolved assembly: Microsoft.TestPlatform.Extensions.BlameDataCollector, from path: C:\Program Files\dotnet\sdk\8.0.100\Extensions\Microsoft.TestPlatform.Extensions.BlameDataCollector.dll
TpTrace Verbose: 0 : 9364, 1, 2024/01/16, 19:25:02.565, 4614085492012, datacollector.dll, MetadataReaderExtensionsHelper: Discovering extensions inside assembly 'Microsoft.TestPlatform.Extensions.BlameDataCollector, Version=15.0.0.0, Culture=neutral, PublicKeyToken=b03f5f7f11d50a3a' file path 'C:\Program Files\dotnet\sdk\8.0.100\Extensions\Microsoft.TestPlatform.Extensions.BlameDataCollector.dll'
TpTrace Error: 0 : 9364, 1, 2024/01/16, 19:25:02.568, 4614085515594, datacollector.dll, The type "Microsoft.TestPlatform.Extensions.BlameDataCollector.BlameCollector" defined in "Microsoft.TestPlatform.Extensions.BlameDataCollector.dll" does not have ExtensionUri attribute.
TpTrace Information: 0 : 9364, 1, 2024/01/16, 19:25:02.571, 4614085549998, datacollector.dll, GetTestExtensionFromType: Register extension with identifier data 'datacollector://microsoft/TestPlatform/Extensions/Blame/v1' and type 'Microsoft.TestPlatform.Extensions.BlameDataCollector.BlameCollector, Microsoft.TestPlatform.Extensions.BlameDataCollector, Version=15.0.0.0, Culture=neutral, PublicKeyToken=b03f5f7f11d50a3a' inside file 'C:\Program Files\dotnet\sdk\8.0.100\Extensions\Microsoft.TestPlatform.Extensions.BlameDataCollector.dll'
TpTrace Information: 0 : 9364, 1, 2024/01/16, 19:25:02.571, 4614085551108, datacollector.dll, AssemblyResolver.OnResolve: Microsoft.TestPlatform.Extensions.EventLogCollector: Resolving assembly.
TpTrace Information: 0 : 9364, 1, 2024/01/16, 19:25:02.571, 4614085551752, datacollector.dll, AssemblyResolver.OnResolve: Microsoft.TestPlatform.Extensions.EventLogCollector: Searching in: 'C:\Program Files\dotnet\sdk\8.0.100\Extensions'.
TpTrace Information: 0 : 9364, 1, 2024/01/16, 19:25:02.572, 4614085554808, datacollector.dll, AssemblyResolver.OnResolve: Microsoft.TestPlatform.Extensions.EventLogCollector: Loading assembly 'C:\Program Files\dotnet\sdk\8.0.100\Extensions\Microsoft.TestPlatform.Extensions.EventLogCollector.dll'.
TpTrace Information: 0 : 9364, 1, 2024/01/16, 19:25:02.572, 4614085559025, datacollector.dll, AssemblyResolver.OnResolve: Resolved assembly: Microsoft.TestPlatform.Extensions.EventLogCollector, from path: C:\Program Files\dotnet\sdk\8.0.100\Extensions\Microsoft.TestPlatform.Extensions.EventLogCollector.dll
TpTrace Verbose: 0 : 9364, 1, 2024/01/16, 19:25:02.572, 4614085559806, datacollector.dll, MetadataReaderExtensionsHelper: Discovering extensions inside assembly 'Microsoft.TestPlatform.Extensions.EventLogCollector, Version=15.0.0.0, Culture=neutral, PublicKeyToken=b03f5f7f11d50a3a' file path 'C:\Program Files\dotnet\sdk\8.0.100\Extensions\Microsoft.TestPlatform.Extensions.EventLogCollector.dll'
TpTrace Error: 0 : 9364, 1, 2024/01/16, 19:25:02.574, 4614085579537, datacollector.dll, The type "Microsoft.TestPlatform.Extensions.EventLogCollector.EventLogDataCollector" defined in "Microsoft.TestPlatform.Extensions.EventLogCollector.dll" does not have ExtensionUri attribute.
TpTrace Information: 0 : 9364, 1, 2024/01/16, 19:25:02.574, 4614085582429, datacollector.dll, GetTestExtensionFromType: Register extension with identifier data 'datacollector://microsoft/EventLog/2.0' and type 'Microsoft.TestPlatform.Extensions.EventLogCollector.EventLogDataCollector, Microsoft.TestPlatform.Extensions.EventLogCollector, Version=15.0.0.0, Culture=neutral, PublicKeyToken=b03f5f7f11d50a3a' inside file 'C:\Program Files\dotnet\sdk\8.0.100\Extensions\Microsoft.TestPlatform.Extensions.EventLogCollector.dll'
TpTrace Verbose: 0 : 9364, 1, 2024/01/16, 19:25:02.575, 4614085584709, datacollector.dll, TestPluginCache: Discovered the extensions using extension path 'C:\Program Files\dotnet\sdk\8.0.100\Extensions\Microsoft.TestPlatform.Extensions.BlameDataCollector.dll,C:\Program Files\dotnet\sdk\8.0.100\Extensions\Microsoft.TestPlatform.Extensions.EventLogCollector.dll'.
TpTrace Verbose: 0 : 9364, 1, 2024/01/16, 19:25:02.575, 4614085585305, datacollector.dll, TestPluginCache: Discoverers are ''.
TpTrace Verbose: 0 : 9364, 1, 2024/01/16, 19:25:02.575, 4614085585582, datacollector.dll, TestPluginCache: Executors are ''.
TpTrace Verbose: 0 : 9364, 1, 2024/01/16, 19:25:02.575, 4614085585849, datacollector.dll, TestPluginCache: Executors2 are ''.
TpTrace Verbose: 0 : 9364, 1, 2024/01/16, 19:25:02.575, 4614085586101, datacollector.dll, TestPluginCache: Setting providers are ''.
TpTrace Verbose: 0 : 9364, 1, 2024/01/16, 19:25:02.575, 4614085586334, datacollector.dll, TestPluginCache: Loggers are ''.
TpTrace Verbose: 0 : 9364, 1, 2024/01/16, 19:25:02.575, 4614085586561, datacollector.dll, TestPluginCache: TestHosts are ''.
TpTrace Verbose: 0 : 9364, 1, 2024/01/16, 19:25:02.575, 4614085588278, datacollector.dll, TestPluginCache: DataCollectors are 'datacollector://microsoft/TestPlatform/Extensions/Blame/v1,datacollector://microsoft/EventLog/2.0'.
TpTrace Information: 0 : 9364, 1, 2024/01/16, 19:25:02.576, 4614085603087, datacollector.dll, TestPluginManager.CreateTestExtension: Attempting to load test extension: Microsoft.TestPlatform.Extensions.BlameDataCollector.BlameCollector
TpTrace Information: 0 : 9364, 1, 2024/01/16, 19:25:02.580, 4614085634494, datacollector.dll, [MonitorPostmortemDump]Monitor enabled: 'False'
TpTrace Verbose: 0 : 9364, 1, 2024/01/16, 19:25:02.580, 4614085641706, datacollector.dll, MulticastDelegateUtilities.SafeInvoke: DataCollectionEvents.SessionStart: Invoking callbacks was skipped because there are no subscribers.
TpTrace Information: 0 : 9364, 1, 2024/01/16, 19:25:02.581, 4614085647569, datacollector.dll, Listening on Endpoint : 127.0.0.1:59972
TpTrace Information: 0 : 9364, 1, 2024/01/16, 19:25:02.587, 4614085706236, datacollector.dll, DataCollectionRequestHandler.ProcessRequests : DataCollection started.
TpTrace Information: 0 : 9364, 1, 2024/01/16, 19:25:02.604, 4614085875411, datacollector.dll, DataCollectionRequestHandler.ProcessRequests: Datacollector received message: (DataCollection.TestHostLaunched) -> {"MessageType":"DataCollection.TestHostLaunched","Payload":{"ProcessId":30552}}
TpTrace Verbose: 0 : 9364, 1, 2024/01/16, 19:25:02.606, 4614085899199, datacollector.dll, MulticastDelegateUtilities.SafeInvoke: DataCollectionEvents.TestHostLaunched: Invoking callback 1/1 for Microsoft.TestPlatform.Extensions.BlameDataCollector.BlameCollector., took 0 ms.
TpTrace Information: 0 : 9364, 8, 2024/01/16, 19:25:02.808, 4614087921343, datacollector.dll, Using the buffer size of 16384 bytes
TpTrace Verbose: 0 : 9364, 6, 2024/01/16, 19:25:02.808, 4614087921399, datacollector.dll, SocketCommunicationManager.WaitForClientConnection took: 224 ms, with 90000 ms timeout, and finished with True.
TpTrace Information: 0 : 9364, 8, 2024/01/16, 19:25:02.808, 4614087922819, datacollector.dll, Accepted Client request and set the flag
TpTrace Information: 0 : 9364, 6, 2024/01/16, 19:25:03.486, 4614094695006, datacollector.dll, DataCollectionTestCaseEventHandler: Test case starting.
TpTrace Information: 0 : 9364, 6, 2024/01/16, 19:25:03.498, 4614094821600, datacollector.dll, BlameCollector.EventsTestCaseStart: Test Case Start
TpTrace Verbose: 0 : 9364, 6, 2024/01/16, 19:25:03.498, 4614094824293, datacollector.dll, MulticastDelegateUtilities.SafeInvoke: DataCollectionEvents.TestCaseStart: Invoking callback 1/1 for Microsoft.TestPlatform.Extensions.BlameDataCollector.BlameCollector., took 0 ms.
TpTrace Information: 0 : 9364, 6, 2024/01/16, 19:25:03.499, 4614094827037, datacollector.dll, DataCollectionTestCaseEventHandler: Test case 'DodavanjeProizvoljnogProizvodaUWishlistu - 5018c64b-0972-79f3-8815-a9f71df6fa65' started.
TpTrace Information: 0 : 9364, 6, 2024/01/16, 19:26:28.426, 4614944098276, datacollector.dll, DataCollectionTestCaseEventHandler: Test case completing.
TpTrace Information: 0 : 9364, 6, 2024/01/16, 19:26:28.432, 4614944161006, datacollector.dll, BlameCollector.EventsTestCaseEnd: Test Case End
TpTrace Verbose: 0 : 9364, 6, 2024/01/16, 19:26:28.433, 4614944170311, datacollector.dll, MulticastDelegateUtilities.SafeInvoke: DataCollectionEvents.TestCaseEnd: Invoking callback 1/1 for Microsoft.TestPlatform.Extensions.BlameDataCollector.BlameCollector., took 0 ms.
TpTrace Information: 0 : 9364, 6, 2024/01/16, 19:26:28.436, 4614944199098, datacollector.dll, DataCollectionTestCaseEventHandler: Test case 'DodavanjeProizvoljnogProizvodaUWishlistu - 5018c64b-0972-79f3-8815-a9f71df6fa65' completed
TpTrace Information: 0 : 9364, 6, 2024/01/16, 19:26:28.461, 4614944449839, datacollector.dll, DataCollectionTestCaseEventHandler: Test case starting.
TpTrace Information: 0 : 9364, 6, 2024/01/16, 19:26:28.463, 4614944468352, datacollector.dll, BlameCollector.EventsTestCaseStart: Test Case Start
TpTrace Verbose: 0 : 9364, 6, 2024/01/16, 19:26:28.463, 4614944470197, datacollector.dll, MulticastDelegateUtilities.SafeInvoke: DataCollectionEvents.TestCaseStart: Invoking callback 1/1 for Microsoft.TestPlatform.Extensions.BlameDataCollector.BlameCollector., took 0 ms.
TpTrace Information: 0 : 9364, 6, 2024/01/16, 19:26:28.463, 4614944472923, datacollector.dll, DataCollectionTestCaseEventHandler: Test case 'TestNevalidanRangeCijena("0","0") - 4f3c26ab-2415-cd9b-eb35-dae837d74ef1' started.
TpTrace Information: 0 : 9364, 6, 2024/01/16, 19:26:31.654, 4614976375050, datacollector.dll, DataCollectionTestCaseEventHandler: Test case completing.
TpTrace Information: 0 : 9364, 6, 2024/01/16, 19:26:31.655, 4614976390625, datacollector.dll, BlameCollector.EventsTestCaseEnd: Test Case End
TpTrace Verbose: 0 : 9364, 6, 2024/01/16, 19:26:31.655, 4614976392447, datacollector.dll, MulticastDelegateUtilities.SafeInvoke: DataCollectionEvents.TestCaseEnd: Invoking callback 1/1 for Microsoft.TestPlatform.Extensions.BlameDataCollector.BlameCollector., took 0 ms.
TpTrace Information: 0 : 9364, 6, 2024/01/16, 19:26:31.656, 4614976396109, datacollector.dll, DataCollectionTestCaseEventHandler: Test case 'TestNevalidanRangeCijena("0","0") - 4f3c26ab-2415-cd9b-eb35-dae837d74ef1' completed
TpTrace Information: 0 : 9364, 6, 2024/01/16, 19:26:31.659, 4614976424702, datacollector.dll, DataCollectionTestCaseEventHandler: Test case starting.
TpTrace Information: 0 : 9364, 6, 2024/01/16, 19:26:31.660, 4614976439419, datacollector.dll, BlameCollector.EventsTestCaseStart: Test Case Start
TpTrace Verbose: 0 : 9364, 6, 2024/01/16, 19:26:31.660, 4614976440669, datacollector.dll, MulticastDelegateUtilities.SafeInvoke: DataCollectionEvents.TestCaseStart: Invoking callback 1/1 for Microsoft.TestPlatform.Extensions.BlameDataCollector.BlameCollector., took 0 ms.
TpTrace Information: 0 : 9364, 6, 2024/01/16, 19:26:31.660, 4614976442951, datacollector.dll, DataCollectionTestCaseEventHandler: Test case 'TestNevalidanRangeCijena("-100","-50") - 0cdac55b-0919-508e-14c9-6337d3fc6c03' started.
TpTrace Information: 0 : 9364, 6, 2024/01/16, 19:26:34.653, 4615006366934, datacollector.dll, DataCollectionTestCaseEventHandler: Test case completing.
TpTrace Information: 0 : 9364, 6, 2024/01/16, 19:26:34.654, 4615006376898, datacollector.dll, BlameCollector.EventsTestCaseEnd: Test Case End
TpTrace Verbose: 0 : 9364, 6, 2024/01/16, 19:26:34.654, 4615006378135, datacollector.dll, MulticastDelegateUtilities.SafeInvoke: DataCollectionEvents.TestCaseEnd: Invoking callback 1/1 for Microsoft.TestPlatform.Extensions.BlameDataCollector.BlameCollector., took 0 ms.
TpTrace Information: 0 : 9364, 6, 2024/01/16, 19:26:34.654, 4615006380718, datacollector.dll, DataCollectionTestCaseEventHandler: Test case 'TestNevalidanRangeCijena("-100","-50") - 0cdac55b-0919-508e-14c9-6337d3fc6c03' completed
TpTrace Information: 0 : 9364, 6, 2024/01/16, 19:26:34.656, 4615006400606, datacollector.dll, DataCollectionTestCaseEventHandler: Test case starting.
TpTrace Information: 0 : 9364, 6, 2024/01/16, 19:26:34.657, 4615006407521, datacollector.dll, BlameCollector.EventsTestCaseStart: Test Case Start
TpTrace Verbose: 0 : 9364, 6, 2024/01/16, 19:26:34.657, 4615006408701, datacollector.dll, MulticastDelegateUtilities.SafeInvoke: DataCollectionEvents.TestCaseStart: Invoking callback 1/1 for Microsoft.TestPlatform.Extensions.BlameDataCollector.BlameCollector., took 0 ms.
TpTrace Information: 0 : 9364, 6, 2024/01/16, 19:26:34.657, 4615006410983, datacollector.dll, DataCollectionTestCaseEventHandler: Test case 'TestNevalidanRangeCijena("-50","-100") - 68b68ee9-a7dd-b7f7-381d-390fd9328fba' started.
TpTrace Information: 0 : 9364, 6, 2024/01/16, 19:29:06.356, 4616523395983, datacollector.dll, DataCollectionTestCaseEventHandler: Test case completing.
TpTrace Information: 0 : 9364, 6, 2024/01/16, 19:29:06.356, 4616523400750, datacollector.dll, BlameCollector.EventsTestCaseEnd: Test Case End
TpTrace Verbose: 0 : 9364, 6, 2024/01/16, 19:29:06.356, 4616523401230, datacollector.dll, MulticastDelegateUtilities.SafeInvoke: DataCollectionEvents.TestCaseEnd: Invoking callback 1/1 for Microsoft.TestPlatform.Extensions.BlameDataCollector.BlameCollector., took 0 ms.
TpTrace Information: 0 : 9364, 6, 2024/01/16, 19:29:06.356, 4616523403074, datacollector.dll, DataCollectionTestCaseEventHandler: Test case 'TestNevalidanRangeCijena("-50","-100") - 68b68ee9-a7dd-b7f7-381d-390fd9328fba' completed
TpTrace Information: 0 : 9364, 6, 2024/01/16, 19:29:06.357, 4616523414057, datacollector.dll, DataCollectionTestCaseEventHandler: Test case starting.
TpTrace Information: 0 : 9364, 6, 2024/01/16, 19:29:06.358, 4616523419330, datacollector.dll, BlameCollector.EventsTestCaseStart: Test Case Start
TpTrace Verbose: 0 : 9364, 6, 2024/01/16, 19:29:06.358, 4616523420225, datacollector.dll, MulticastDelegateUtilities.SafeInvoke: DataCollectionEvents.TestCaseStart: Invoking callback 1/1 for Microsoft.TestPlatform.Extensions.BlameDataCollector.BlameCollector., took 0 ms.
TpTrace Information: 0 : 9364, 6, 2024/01/16, 19:29:06.359, 4616523424900, datacollector.dll, DataCollectionTestCaseEventHandler: Test case 'TestNevalidanRangeCijena("50","100") - 7e9598fd-f08e-94c6-9b13-dc1f9aba0f95' started.
TpTrace Information: 0 : 9364, 6, 2024/01/16, 19:30:36.574, 4617425582733, datacollector.dll, DataCollectionTestCaseEventHandler: Test case completing.
TpTrace Information: 0 : 9364, 6, 2024/01/16, 19:30:36.576, 4617425594549, datacollector.dll, BlameCollector.EventsTestCaseEnd: Test Case End
TpTrace Verbose: 0 : 9364, 6, 2024/01/16, 19:30:36.576, 4617425595608, datacollector.dll, MulticastDelegateUtilities.SafeInvoke: DataCollectionEvents.TestCaseEnd: Invoking callback 1/1 for Microsoft.TestPlatform.Extensions.BlameDataCollector.BlameCollector., took 0 ms.
TpTrace Information: 0 : 9364, 6, 2024/01/16, 19:30:36.576, 4617425598699, datacollector.dll, DataCollectionTestCaseEventHandler: Test case 'TestNevalidanRangeCijena("50","100") - 7e9598fd-f08e-94c6-9b13-dc1f9aba0f95' completed
TpTrace Information: 0 : 9364, 6, 2024/01/16, 19:30:36.578, 4617425616148, datacollector.dll, DataCollectionTestCaseEventHandler: Test case starting.
TpTrace Information: 0 : 9364, 6, 2024/01/16, 19:30:36.578, 4617425621366, datacollector.dll, BlameCollector.EventsTestCaseStart: Test Case Start
TpTrace Verbose: 0 : 9364, 6, 2024/01/16, 19:30:36.578, 4617425622191, datacollector.dll, MulticastDelegateUtilities.SafeInvoke: DataCollectionEvents.TestCaseStart: Invoking callback 1/1 for Microsoft.TestPlatform.Extensions.BlameDataCollector.BlameCollector., took 0 ms.
TpTrace Information: 0 : 9364, 6, 2024/01/16, 19:30:36.578, 4617425624151, datacollector.dll, DataCollectionTestCaseEventHandler: Test case 'TestNevalidanRangeCijena("-50","-50") - 99e46d6f-3bab-b04d-06c0-4fde82ab09bf' started.
TpTrace Information: 0 : 9364, 6, 2024/01/16, 19:30:45.297, 4617512804437, datacollector.dll, DataCollectionTestCaseEventHandler: Test case completing.
TpTrace Information: 0 : 9364, 6, 2024/01/16, 19:30:45.298, 4617512815222, datacollector.dll, BlameCollector.EventsTestCaseEnd: Test Case End
TpTrace Verbose: 0 : 9364, 6, 2024/01/16, 19:30:45.298, 4617512816175, datacollector.dll, MulticastDelegateUtilities.SafeInvoke: DataCollectionEvents.TestCaseEnd: Invoking callback 1/1 for Microsoft.TestPlatform.Extensions.BlameDataCollector.BlameCollector., took 0 ms.
TpTrace Information: 0 : 9364, 6, 2024/01/16, 19:30:45.298, 4617512819438, datacollector.dll, DataCollectionTestCaseEventHandler: Test case 'TestNevalidanRangeCijena("-50","-50") - 99e46d6f-3bab-b04d-06c0-4fde82ab09bf' completed
TpTrace Information: 0 : 9364, 6, 2024/01/16, 19:30:45.299, 4617512833422, datacollector.dll, DataCollectionTestCaseEventHandler: Test case starting.
TpTrace Information: 0 : 9364, 6, 2024/01/16, 19:30:45.300, 4617512838261, datacollector.dll, BlameCollector.EventsTestCaseStart: Test Case Start
TpTrace Verbose: 0 : 9364, 6, 2024/01/16, 19:30:45.300, 4617512839007, datacollector.dll, MulticastDelegateUtilities.SafeInvoke: DataCollectionEvents.TestCaseStart: Invoking callback 1/1 for Microsoft.TestPlatform.Extensions.BlameDataCollector.BlameCollector., took 0 ms.
TpTrace Information: 0 : 9364, 6, 2024/01/16, 19:30:45.300, 4617512840668, datacollector.dll, DataCollectionTestCaseEventHandler: Test case 'TestNevalidanRangeCijena("100","-100") - 36b7176e-f9a3-7124-5c9a-569d75b93124' started.
TpTrace Information: 0 : 9364, 6, 2024/01/16, 19:30:48.727, 4617547108221, datacollector.dll, DataCollectionTestCaseEventHandler: Test case completing.
TpTrace Information: 0 : 9364, 6, 2024/01/16, 19:30:48.728, 4617547115654, datacollector.dll, BlameCollector.EventsTestCaseEnd: Test Case End
TpTrace Verbose: 0 : 9364, 6, 2024/01/16, 19:30:48.728, 4617547116527, datacollector.dll, MulticastDelegateUtilities.SafeInvoke: DataCollectionEvents.TestCaseEnd: Invoking callback 1/1 for Microsoft.TestPlatform.Extensions.BlameDataCollector.BlameCollector., took 0 ms.
TpTrace Information: 0 : 9364, 6, 2024/01/16, 19:30:48.728, 4617547118741, datacollector.dll, DataCollectionTestCaseEventHandler: Test case 'TestNevalidanRangeCijena("100","-100") - 36b7176e-f9a3-7124-5c9a-569d75b93124' completed
TpTrace Information: 0 : 9364, 6, 2024/01/16, 19:30:48.729, 4617547132880, datacollector.dll, DataCollectionTestCaseEventHandler: Test case starting.
TpTrace Information: 0 : 9364, 6, 2024/01/16, 19:30:48.731, 4617547146752, datacollector.dll, BlameCollector.EventsTestCaseStart: Test Case Start
TpTrace Verbose: 0 : 9364, 6, 2024/01/16, 19:30:48.731, 4617547148533, datacollector.dll, MulticastDelegateUtilities.SafeInvoke: DataCollectionEvents.TestCaseStart: Invoking callback 1/1 for Microsoft.TestPlatform.Extensions.BlameDataCollector.BlameCollector., took 0 ms.
TpTrace Information: 0 : 9364, 6, 2024/01/16, 19:30:48.731, 4617547150602, datacollector.dll, DataCollectionTestCaseEventHandler: Test case 'TestNevalidanRangeCijena("-100","100") - 36c1e3cd-10f8-4fef-f5c3-9dcba8951e80' started.
TpTrace Information: 0 : 9364, 6, 2024/01/16, 19:30:51.552, 4617575357501, datacollector.dll, DataCollectionTestCaseEventHandler: Test case completing.
TpTrace Information: 0 : 9364, 6, 2024/01/16, 19:30:51.552, 4617575362281, datacollector.dll, BlameCollector.EventsTestCaseEnd: Test Case End
TpTrace Verbose: 0 : 9364, 6, 2024/01/16, 19:30:51.552, 4617575362958, datacollector.dll, MulticastDelegateUtilities.SafeInvoke: DataCollectionEvents.TestCaseEnd: Invoking callback 1/1 for Microsoft.TestPlatform.Extensions.BlameDataCollector.BlameCollector., took 0 ms.
TpTrace Information: 0 : 9364, 6, 2024/01/16, 19:30:51.553, 4617575367159, datacollector.dll, DataCollectionTestCaseEventHandler: Test case 'TestNevalidanRangeCijena("-100","100") - 36c1e3cd-10f8-4fef-f5c3-9dcba8951e80' completed
TpTrace Information: 0 : 9364, 6, 2024/01/16, 19:30:51.556, 4617575397329, datacollector.dll, DataCollectionTestCaseEventHandler: Test case starting.
TpTrace Information: 0 : 9364, 6, 2024/01/16, 19:30:51.556, 4617575404170, datacollector.dll, BlameCollector.EventsTestCaseStart: Test Case Start
TpTrace Verbose: 0 : 9364, 6, 2024/01/16, 19:30:51.557, 4617575404760, datacollector.dll, MulticastDelegateUtilities.SafeInvoke: DataCollectionEvents.TestCaseStart: Invoking callback 1/1 for Microsoft.TestPlatform.Extensions.BlameDataCollector.BlameCollector., took 0 ms.
TpTrace Information: 0 : 9364, 6, 2024/01/16, 19:30:51.557, 4617575406504, datacollector.dll, DataCollectionTestCaseEventHandler: Test case 'TestValidanRangeCijena("200","200") - 49acfd45-ce98-e151-7f4d-561bcd2fa18b' started.
TpTrace Information: 0 : 9364, 6, 2024/01/16, 19:30:54.216, 4617602003136, datacollector.dll, DataCollectionTestCaseEventHandler: Test case completing.
TpTrace Information: 0 : 9364, 6, 2024/01/16, 19:30:54.217, 4617602008835, datacollector.dll, BlameCollector.EventsTestCaseEnd: Test Case End
TpTrace Verbose: 0 : 9364, 6, 2024/01/16, 19:30:54.217, 4617602009569, datacollector.dll, MulticastDelegateUtilities.SafeInvoke: DataCollectionEvents.TestCaseEnd: Invoking callback 1/1 for Microsoft.TestPlatform.Extensions.BlameDataCollector.BlameCollector., took 0 ms.
TpTrace Information: 0 : 9364, 6, 2024/01/16, 19:30:54.217, 4617602011690, datacollector.dll, DataCollectionTestCaseEventHandler: Test case 'TestValidanRangeCijena("200","200") - 49acfd45-ce98-e151-7f4d-561bcd2fa18b' completed
TpTrace Information: 0 : 9364, 6, 2024/01/16, 19:30:54.219, 4617602028794, datacollector.dll, DataCollectionTestCaseEventHandler: Test case starting.
TpTrace Information: 0 : 9364, 6, 2024/01/16, 19:30:54.219, 4617602033368, datacollector.dll, BlameCollector.EventsTestCaseStart: Test Case Start
TpTrace Verbose: 0 : 9364, 6, 2024/01/16, 19:30:54.219, 4617602034007, datacollector.dll, MulticastDelegateUtilities.SafeInvoke: DataCollectionEvents.TestCaseStart: Invoking callback 1/1 for Microsoft.TestPlatform.Extensions.BlameDataCollector.BlameCollector., took 0 ms.
TpTrace Information: 0 : 9364, 6, 2024/01/16, 19:30:54.220, 4617602035348, datacollector.dll, DataCollectionTestCaseEventHandler: Test case 'TestValidanRangeCijena("1000","100") - 6d6037fc-4aef-5eef-8c8b-111000f26569' started.
